Determining if the pthread_create exist failed with the following output:
Change Dir: /home/pcampolucci/Desktop/autonomy/build/video_stream_opencv/CMakeFiles/CMakeTmp

Run Build Command:"/usr/bin/make" "cmTC_451a2/fast"
/usr/bin/make -f CMakeFiles/cmTC_451a2.dir/build.make CMakeFiles/cmTC_451a2.dir/build
make[1]: Entering directory '/home/pcampolucci/Desktop/autonomy/build/video_stream_opencv/CMakeFiles/CMakeTmp'
Building C object CMakeFiles/cmTC_451a2.dir/CheckSymbolExists.c.o
/usr/lib/ccache/cc    -o CMakeFiles/cmTC_451a2.dir/CheckSymbolExists.c.o   -c /home/pcampolucci/Desktop/autonomy/build/video_stream_opencv/CMakeFiles/CMakeTmp/CheckSymbolExists.c
Linking C executable cmTC_451a2
/usr/bin/cmake -E cmake_link_script CMakeFiles/cmTC_451a2.dir/link.txt --verbose=1
/usr/lib/ccache/cc      -rdynamic CMakeFiles/cmTC_451a2.dir/CheckSymbolExists.c.o  -o cmTC_451a2 
CMakeFiles/cmTC_451a2.dir/CheckSymbolExists.c.o: In function `main':
CheckSymbolExists.c:(.text+0x1b): undefined reference to `pthread_create'
collect2: error: ld returned 1 exit status
CMakeFiles/cmTC_451a2.dir/build.make:97: recipe for target 'cmTC_451a2' failed
make[1]: *** [cmTC_451a2] Error 1
make[1]: Leaving directory '/home/pcampolucci/Desktop/autonomy/build/video_stream_opencv/CMakeFiles/CMakeTmp'
Makefile:126: recipe for target 'cmTC_451a2/fast' failed
make: *** [cmTC_451a2/fast] Error 2

File /home/pcampolucci/Desktop/autonomy/build/video_stream_opencv/CMakeFiles/CMakeTmp/CheckSymbolExists.c:
/* */
#include <pthread.h>

int main(int argc, char** argv)
{
  (void)argv;
#ifndef pthread_create
  return ((int*)(&pthread_create))[argc];
#else
  (void)argc;
  return 0;
#endif
}

Determining if the function pthread_create exists in the pthreads failed with the following output:
Change Dir: /home/pcampolucci/Desktop/autonomy/build/video_stream_opencv/CMakeFiles/CMakeTmp

Run Build Command:"/usr/bin/make" "cmTC_9dc25/fast"
/usr/bin/make -f CMakeFiles/cmTC_9dc25.dir/build.make CMakeFiles/cmTC_9dc25.dir/build
make[1]: Entering directory '/home/pcampolucci/Desktop/autonomy/build/video_stream_opencv/CMakeFiles/CMakeTmp'
Building C object CMakeFiles/cmTC_9dc25.dir/CheckFunctionExists.c.o
/usr/lib/ccache/cc   -DCHECK_FUNCTION_EXISTS=pthread_create   -o CMakeFiles/cmTC_9dc25.dir/CheckFunctionExists.c.o   -c /usr/share/cmake-3.10/Modules/CheckFunctionExists.c
Linking C executable cmTC_9dc25
/usr/bin/cmake -E cmake_link_script CMakeFiles/cmTC_9dc25.dir/link.txt --verbose=1
/usr/lib/ccache/cc  -DCHECK_FUNCTION_EXISTS=pthread_create    -rdynamic CMakeFiles/cmTC_9dc25.dir/CheckFunctionExists.c.o  -o cmTC_9dc25 -lpthreads 
/usr/bin/ld: cannot find -lpthreads
collect2: error: ld returned 1 exit status
CMakeFiles/cmTC_9dc25.dir/build.make:97: recipe for target 'cmTC_9dc25' failed
make[1]: *** [cmTC_9dc25] Error 1
make[1]: Leaving directory '/home/pcampolucci/Desktop/autonomy/build/video_stream_opencv/CMakeFiles/CMakeTmp'
Makefile:126: recipe for target 'cmTC_9dc25/fast' failed
make: *** [cmTC_9dc25/fast] Error 2


