CMake Error: The following variables are used in this project, but they are set to NOTFOUND.
Please set them or make sure they are set and tested correctly in the CMake files:
_MAVLINK_INCLUDE_DIR
   used as include directory in directory /home/pcampolucci/autonomy/src/state_estimation/sitl_gazebo
   used as include directory in directory /home/pcampolucci/autonomy/src/state_estimation/sitl_gazebo
   used as include directory in directory /home/pcampolucci/autonomy/src/state_estimation/sitl_gazebo
   used as include directory in directory /home/pcampolucci/autonomy/src/state_estimation/sitl_gazebo
   used as include directory in directory /home/pcampolucci/autonomy/src/state_estimation/sitl_gazebo
   used as include directory in directory /home/pcampolucci/autonomy/src/state_estimation/sitl_gazebo
   used as include directory in directory /home/pcampolucci/autonomy/src/state_estimation/sitl_gazebo
   used as include directory in directory /home/pcampolucci/autonomy/src/state_estimation/sitl_gazebo
   used as include directory in directory /home/pcampolucci/autonomy/src/state_estimation/sitl_gazebo
   used as include directory in directory /home/pcampolucci/autonomy/src/state_estimation/sitl_gazebo
   used as include directory in directory /home/pcampolucci/autonomy/src/state_estimation/sitl_gazebo
   used as include directory in directory /home/pcampolucci/autonomy/src/state_estimation/sitl_gazebo
   used as include directory in directory /home/pcampolucci/autonomy/src/state_estimation/sitl_gazebo
   used as include directory in directory /home/pcampolucci/autonomy/src/state_estimation/sitl_gazebo
   used as include directory in directory /home/pcampolucci/autonomy/src/state_estimation/sitl_gazebo
   used as include directory in directory /home/pcampolucci/autonomy/src/state_estimation/sitl_gazebo
   used as include directory in directory /home/pcampolucci/autonomy/src/state_estimation/sitl_gazebo
   used as include directory in directory /home/pcampolucci/autonomy/src/state_estimation/sitl_gazebo
   used as include directory in directory /home/pcampolucci/autonomy/src/state_estimation/sitl_gazebo
   used as include directory in directory /home/pcampolucci/autonomy/src/state_estimation/sitl_gazebo
   used as include directory in directory /home/pcampolucci/autonomy/src/state_estimation/sitl_gazebo
   used as include directory in directory /home/pcampolucci/autonomy/src/state_estimation/sitl_gazebo
   used as include directory in directory /home/pcampolucci/autonomy/src/state_estimation/sitl_gazebo
   used as include directory in directory /home/pcampolucci/autonomy/src/state_estimation/sitl_gazebo
   used as include directory in directory /home/pcampolucci/autonomy/src/state_estimation/sitl_gazebo
   used as include directory in directory /home/pcampolucci/autonomy/src/state_estimation/sitl_gazebo
   used as include directory in directory /home/pcampolucci/autonomy/src/state_estimation/sitl_gazebo
   used as include directory in directory /home/pcampolucci/autonomy/src/state_estimation/sitl_gazebo
   used as include directory in directory /home/pcampolucci/autonomy/src/state_estimation/sitl_gazebo
   used as include directory in directory /home/pcampolucci/autonomy/src/state_estimation/sitl_gazebo
   used as include directory in directory /home/pcampolucci/autonomy/src/state_estimation/sitl_gazebo
   used as include directory in directory /home/pcampolucci/autonomy/src/state_estimation/sitl_gazebo
   used as include directory in directory /home/pcampolucci/autonomy/src/state_estimation/sitl_gazebo
   used as include directory in directory /home/pcampolucci/autonomy/src/state_estimation/sitl_gazebo
   used as include directory in directory /home/pcampolucci/autonomy/src/state_estimation/sitl_gazebo
   used as include directory in directory /home/pcampolucci/autonomy/src/state_estimation/sitl_gazebo
   used as include directory in directory /home/pcampolucci/autonomy/src/state_estimation/sitl_gazebo
   used as include directory in directory /home/pcampolucci/autonomy/src/state_estimation/sitl_gazebo
   used as include directory in directory /home/pcampolucci/autonomy/src/state_estimation/sitl_gazebo
   used as include directory in directory /home/pcampolucci/autonomy/src/state_estimation/sitl_gazebo
   used as include directory in directory /home/pcampolucci/autonomy/src/state_estimation/sitl_gazebo
   used as include directory in directory /home/pcampolucci/autonomy/src/state_estimation/sitl_gazebo/unit_tests
   used as include directory in directory /home/pcampolucci/autonomy/src/state_estimation/sitl_gazebo/unit_tests
   used as include directory in directory /home/pcampolucci/autonomy/src/state_estimation/sitl_gazebo/unit_tests
   used as include directory in directory /home/pcampolucci/autonomy/src/state_estimation/sitl_gazebo/unit_tests
   used as include directory in directory /home/pcampolucci/autonomy/src/state_estimation/sitl_gazebo/unit_tests
   used as include directory in directory /home/pcampolucci/autonomy/src/state_estimation/sitl_gazebo/unit_tests
   used as include directory in directory /home/pcampolucci/autonomy/src/state_estimation/sitl_gazebo/unit_tests
   used as include directory in directory /home/pcampolucci/autonomy/src/state_estimation/sitl_gazebo/unit_tests
   used as include directory in directory /home/pcampolucci/autonomy/src/state_estimation/sitl_gazebo/unit_tests
   used as include directory in directory /home/pcampolucci/autonomy/src/state_estimation/sitl_gazebo/unit_tests
   used as include directory in directory /home/pcampolucci/autonomy/src/state_estimation/sitl_gazebo/unit_tests
   used as include directory in directory /home/pcampolucci/autonomy/src/state_estimation/sitl_gazebo/unit_tests
   used as include directory in directory /home/pcampolucci/autonomy/src/state_estimation/sitl_gazebo/unit_tests
   used as include directory in directory /home/pcampolucci/autonomy/src/state_estimation/sitl_gazebo/unit_tests
   used as include directory in directory /home/pcampolucci/autonomy/src/state_estimation/sitl_gazebo/unit_tests
   used as include directory in directory /home/pcampolucci/autonomy/src/state_estimation/sitl_gazebo/unit_tests
   used as include directory in directory /home/pcampolucci/autonomy/src/state_estimation/sitl_gazebo/unit_tests
   used as include directory in directory /home/pcampolucci/autonomy/src/state_estimation/sitl_gazebo/unit_tests
   used as include directory in directory /home/pcampolucci/autonomy/src/state_estimation/sitl_gazebo/unit_tests
   used as include directory in directory /home/pcampolucci/autonomy/src/state_estimation/sitl_gazebo/unit_tests

