Not searching for unused variables given on the command line.
[36m--[0m install-prefix: /home/pcampolucci/autonomy/install
[36m--[0m The C compiler identification is GNU 7.5.0
[36m--[0m The CXX compiler identification is GNU 7.5.0
[36m--[0m Check for working C compiler: /usr/lib/ccache/cc
[36m--[0m Check for working C compiler: /usr/lib/ccache/cc -- works
[36m--[0m Detecting C compiler ABI info
[36m--[0m Detecting C compiler ABI info - done
[36m--[0m Detecting C compile features
[36m--[0m Detecting C compile features - done
[36m--[0m Check for working CXX compiler: /usr/lib/ccache/c++
[36m--[0m Check for working CXX compiler: /usr/lib/ccache/c++ -- works
[36m--[0m Detecting CXX compiler ABI info
[36m--[0m Detecting CXX compiler ABI info - done
[36m--[0m Detecting CXX compile features
[36m--[0m Detecting CXX compile features - done
[36m--[0m Performing Test COMPILER_SUPPORTS_CXX17
[36m--[0m Performing Test COMPILER_SUPPORTS_CXX17 - Success
[36m--[0m Performing Test COMPILER_SUPPORTS_CXX14
[36m--[0m Performing Test COMPILER_SUPPORTS_CXX14 - Success
[36m--[0m Performing Test COMPILER_SUPPORTS_CXX11
[36m--[0m Performing Test COMPILER_SUPPORTS_CXX11 - Success
[36m--[0m Performing Test COMPILER_SUPPORTS_CXX0X
[36m--[0m Performing Test COMPILER_SUPPORTS_CXX0X - Success
[36m--[0m Using C++17 compiler
[36m--[0m Looking for pthread.h
[36m--[0m Looking for pthread.h - found
[36m--[0m Looking for pthread_create
[36m--[0m Looking for pthread_create - not found
[36m--[0m Looking for pthread_create in pthreads
[36m--[0m Looking for pthread_create in pthreads - not found
[36m--[0m Looking for pthread_create in pthread
[36m--[0m Looking for pthread_create in pthread - found
[36m--[0m Found Threads: TRUE
[36m--[0m Boost version: 1.65.1
[36m--[0m Found the following Boost libraries:
[36m--[0m   system
[36m--[0m   thread
[36m--[0m   filesystem
[36m--[0m   chrono
[36m--[0m   date_time
[36m--[0m   atomic
[36m--[0m Found PkgConfig: /usr/bin/pkg-config (found version "0.29.1")
[36m--[0m Checking for module 'bullet>=2.82'
[36m--[0m   Found bullet, version 2.87
[36m--[0m Found Simbody: /usr/include/simbody
[36m--[0m Boost version: 1.65.1
[36m--[0m Found the following Boost libraries:
[36m--[0m   thread
[36m--[0m   signals
[36m--[0m   system
[36m--[0m   filesystem
[36m--[0m   program_options
[36m--[0m   regex
[36m--[0m   iostreams
[36m--[0m   date_time
[36m--[0m   chrono
[36m--[0m   atomic
[36m--[0m Found Protobuf: /usr/lib/x86_64-linux-gnu/libprotobuf.so;-lpthread (found version "3.0.0")
[36m--[0m Boost version: 1.65.1
[36m--[0m Looking for OGRE...
[36m--[0m OGRE_PREFIX_WATCH changed.
[36m--[0m Checking for module 'OGRE'
[36m--[0m   Found OGRE, version 1.9.0
[36m--[0m Found Ogre Ghadamon (1.9.0)
[36m--[0m Found OGRE: optimized;/usr/lib/x86_64-linux-gnu/libOgreMain.so;debug;/usr/lib/x86_64-linux-gnu/libOgreMain.so
[36m--[0m Looking for OGRE_Paging...
[36m--[0m Found OGRE_Paging: optimized;/usr/lib/x86_64-linux-gnu/libOgrePaging.so;debug;/usr/lib/x86_64-linux-gnu/libOgrePaging.so
[36m--[0m Looking for OGRE_Terrain...
[36m--[0m Found OGRE_Terrain: optimized;/usr/lib/x86_64-linux-gnu/libOgreTerrain.so;debug;/usr/lib/x86_64-linux-gnu/libOgreTerrain.so
[36m--[0m Looking for OGRE_Property...
[36m--[0m Found OGRE_Property: optimized;/usr/lib/x86_64-linux-gnu/libOgreProperty.so;debug;/usr/lib/x86_64-linux-gnu/libOgreProperty.so
[36m--[0m Looking for OGRE_RTShaderSystem...
[36m--[0m Found OGRE_RTShaderSystem: optimized;/usr/lib/x86_64-linux-gnu/libOgreRTShaderSystem.so;debug;/usr/lib/x86_64-linux-gnu/libOgreRTShaderSystem.so
[36m--[0m Looking for OGRE_Volume...
[36m--[0m Found OGRE_Volume: optimized;/usr/lib/x86_64-linux-gnu/libOgreVolume.so;debug;/usr/lib/x86_64-linux-gnu/libOgreVolume.so
[36m--[0m Looking for OGRE_Overlay...
[36m--[0m Found OGRE_Overlay: optimized;/usr/lib/x86_64-linux-gnu/libOgreOverlay.so;debug;/usr/lib/x86_64-linux-gnu/libOgreOverlay.so
[36m--[0m Found Protobuf: /usr/lib/x86_64-linux-gnu/libprotobuf.so;-lpthread;-lpthread (found suitable version "3.0.0", minimum required is "2.3.0")
[36m--[0m Config-file not installed for ZeroMQ -- checking for pkg-config
[36m--[0m Checking for module 'libzmq >= 4'
[36m--[0m   Found libzmq , version 4.2.5
[36m--[0m Found ZeroMQ: TRUE (Required is at least version "4")
[36m--[0m Checking for module 'uuid'
[36m--[0m   Found uuid, version 2.31.1
[36m--[0m Found UUID: TRUE
[36m--[0m Checking for module 'tinyxml2'
[36m--[0m   Found tinyxml2, version 6.0.0
[36m--[0m Looking for dlfcn.h - found
[36m--[0m Looking for libdl - found
[36m--[0m Found DL: TRUE
[36m--[0m FreeImage.pc not found, we will search for FreeImage_INCLUDE_DIRS and FreeImage_LIBRARIES
[36m--[0m Checking for module 'gts'
[36m--[0m   Found gts, version 0.7.6
[36m--[0m Found GTS: TRUE
[36m--[0m Checking for module 'libswscale'
[36m--[0m   Found libswscale, version 4.8.100
[36m--[0m Found SWSCALE: TRUE
[36m--[0m Checking for module 'libavdevice >= 56.4.100'
[36m--[0m   Found libavdevice , version 57.10.100
[36m--[0m Found AVDEVICE: TRUE (Required is at least version "56.4.100")
[36m--[0m Checking for module 'libavformat'
[36m--[0m   Found libavformat, version 57.83.100
[36m--[0m Found AVFORMAT: TRUE
[36m--[0m Checking for module 'libavcodec'
[36m--[0m   Found libavcodec, version 57.107.100
[36m--[0m Found AVCODEC: TRUE
[36m--[0m Checking for module 'libavutil'
[36m--[0m   Found libavutil, version 55.78.100
[36m--[0m Found AVUTIL: TRUE
[36m--[0m Found CURL: /usr/lib/x86_64-linux-gnu/libcurl.so (found version "7.58.0")
[36m--[0m Checking for module 'jsoncpp'
[36m--[0m   Found jsoncpp, version 1.7.4
[36m--[0m Found JSONCPP: TRUE
[36m--[0m Checking for module 'yaml-0.1'
[36m--[0m   Found yaml-0.1, version 0.1.7
[36m--[0m Found YAML: TRUE
[36m--[0m Checking for module 'libzip'
[36m--[0m   Found libzip, version 1.1.2
[36m--[0m Found ZIP: TRUE
[36m--[0m Found PythonInterp: /usr/bin/python (found version "2.7.17")
[36m--[0m Found OpenCV: /usr (found version "3.2.0")
[36m--[0m Found TinyXML: /usr/lib/x86_64-linux-gnu/libtinyxml.so
[36m--[0m Checking for module 'gstreamer-1.0 >= 1.0'
[36m--[0m   No package 'gstreamer-1.0' found
[36m--[0m Checking for module 'gstreamer-base-1.0 >= 1.0'
[36m--[0m   No package 'gstreamer-base-1.0' found
[36m--[0m Found GStreamer: GSTREAMER_INCLUDE_DIRS;GSTREAMER_LIBRARIES;GSTREAMER_VERSION;GSTREAMER_BASE_INCLUDE_DIRS;GSTREAMER_BASE_LIBRARIES (Required is at least version "1.0")
[36m--[0m Checking for module 'OGRE'
[36m--[0m   Found OGRE, version 1.9.0
[36m--[0m Building klt_feature_tracker as a catkin package
[36m--[0m Using CATKIN_DEVEL_PREFIX: /home/pcampolucci/autonomy/devel/.private/mavlink_sitl_gazebo
[36m--[0m Using CMAKE_PREFIX_PATH: /home/pcampolucci/autonomy/devel;/opt/ros/melodic
[36m--[0m This workspace overlays: /home/pcampolucci/autonomy/devel;/opt/ros/melodic
[36m--[0m Found PythonInterp: /usr/bin/python (found suitable version "2.7.17", minimum required is "2")
[36m--[0m Using PYTHON_EXECUTABLE: /usr/bin/python
[36m--[0m Using Debian Python package layout
[36m--[0m Using empy: /usr/bin/empy
[36m--[0m Using CATKIN_ENABLE_TESTING: ON
[36m--[0m Call enable_testing()
[36m--[0m Using CATKIN_TEST_RESULTS_DIR: /home/pcampolucci/autonomy/build/mavlink_sitl_gazebo/test_results
[36m--[0m Found gtest sources under '/usr/src/googletest': gtests will be built
[36m--[0m Found gmock sources under '/usr/src/googletest': gmock will be built
[36m--[0m Found PythonInterp: /usr/bin/python (found version "2.7.17")
[36m--[0m Using Python nosetests: /usr/bin/nosetests-2.7
[36m--[0m catkin 0.7.23
[36m--[0m BUILD_SHARED_LIBS is on
[36m--[0m Using these message generators: gencpp;geneus;genlisp;gennodejs;genpy
[36m--[0m klt_feature_tracker: 0 messages, 1 services
[36m--[0m Building OpticalFlow with OpenCV
[36m--[0m Could NOT find MAVLink (missing: MAVLINK_INCLUDE_DIRS) (found version "2.0")
[36m--[0m catkin ENABLED
[36m--[0m Using CATKIN_DEVEL_PREFIX: /home/pcampolucci/autonomy/devel/.private/mavlink_sitl_gazebo
[36m--[0m Using CMAKE_PREFIX_PATH: /home/pcampolucci/autonomy/devel;/opt/ros/melodic
[36m--[0m This workspace overlays: /home/pcampolucci/autonomy/devel;/opt/ros/melodic
[36m--[0m Found PythonInterp: /usr/bin/python (found suitable version "2.7.17", minimum required is "2")
[36m--[0m Using PYTHON_EXECUTABLE: /usr/bin/python
[36m--[0m Using Debian Python package layout
[36m--[0m Using empy: /usr/bin/empy
[36m--[0m Using CATKIN_ENABLE_TESTING: ON
[36m--[0m Call enable_testing()
[36m--[0m Using CATKIN_TEST_RESULTS_DIR: /home/pcampolucci/autonomy/build/mavlink_sitl_gazebo/test_results
[36m--[0m Using Python nosetests: /usr/bin/nosetests-2.7
[36m--[0m catkin 0.7.23
[36m--[0m BUILD_SHARED_LIBS is on
[36m--[0m Found Protobuf: /usr/lib/x86_64-linux-gnu/libprotobuf.so;-lpthread;-lpthread;-lpthread (found version "3.0.0")
[36m--[0m Checking for module 'protobuf'
[36m--[0m   Found protobuf, version 3.0.0
[36m--[0m Gazebo version: 9.0
[36m--[0m Found GStreamer: adding gst_camera_plugin
[36m--[0m Found GStreamer: adding gst_video_stream_widget
CMake Error: The following variables are used in this project, but they are set to NOTFOUND.
Please set them or make sure they are set and tested correctly in the CMake files:
GSTREAMER_LIBRARIES (ADVANCED)
    linked by target "gazebo_uuv_plugin" in directory /home/pcampolucci/autonomy/src/state_estimation/sitl_gazebo
    linked by target "gazebo_lidar_plugin" in directory /home/pcampolucci/autonomy/src/state_estimation/sitl_gazebo
    linked by target "gazebo_geotagged_images_plugin" in directory /home/pcampolucci/autonomy/src/state_estimation/sitl_gazebo
    linked by target "gazebo_controller_interface" in directory /home/pcampolucci/autonomy/src/state_estimation/sitl_gazebo
    linked by target "sensor_msgs" in directory /home/pcampolucci/autonomy/src/state_estimation/sitl_gazebo
    linked by target "gazebo_imu_plugin" in directory /home/pcampolucci/autonomy/src/state_estimation/sitl_gazebo
    linked by target "std_msgs" in directory /home/pcampolucci/autonomy/src/state_estimation/sitl_gazebo
    linked by target "gazebo_opticalflow_plugin" in directory /home/pcampolucci/autonomy/src/state_estimation/sitl_gazebo
    linked by target "gazebo_opticalflow_mockup_plugin" in directory /home/pcampolucci/autonomy/src/state_estimation/sitl_gazebo
    linked by target "mav_msgs" in directory /home/pcampolucci/autonomy/src/state_estimation/sitl_gazebo
    linked by target "nav_msgs" in directory /home/pcampolucci/autonomy/src/state_estimation/sitl_gazebo
    linked by target "gazebo_sonar_plugin" in directory /home/pcampolucci/autonomy/src/state_estimation/sitl_gazebo
    linked by target "gazebo_wind_plugin" in directory /home/pcampolucci/autonomy/src/state_estimation/sitl_gazebo
    linked by target "physics_msgs" in directory /home/pcampolucci/autonomy/src/state_estimation/sitl_gazebo
    linked by target "gazebo_vision_plugin" in directory /home/pcampolucci/autonomy/src/state_estimation/sitl_gazebo
    linked by target "gazebo_gimbal_controller_plugin" in directory /home/pcampolucci/autonomy/src/state_estimation/sitl_gazebo
    linked by target "gazebo_mavlink_interface" in directory /home/pcampolucci/autonomy/src/state_estimation/sitl_gazebo
    linked by target "gazebo_motor_model" in directory /home/pcampolucci/autonomy/src/state_estimation/sitl_gazebo
    linked by target "gazebo_catapult_plugin" in directory /home/pcampolucci/autonomy/src/state_estimation/sitl_gazebo
    linked by target "gazebo_multirotor_base_plugin" in directory /home/pcampolucci/autonomy/src/state_estimation/sitl_gazebo
    linked by target "gazebo_magnetometer_plugin" in directory /home/pcampolucci/autonomy/src/state_estimation/sitl_gazebo
    linked by target "gazebo_usv_dynamics_plugin" in directory /home/pcampolucci/autonomy/src/state_estimation/sitl_gazebo
    linked by target "gazebo_barometer_plugin" in directory /home/pcampolucci/autonomy/src/state_estimation/sitl_gazebo
    linked by target "gazebo_parachute_plugin" in directory /home/pcampolucci/autonomy/src/state_estimation/sitl_gazebo
    linked by target "gazebo_gst_camera_plugin" in directory /home/pcampolucci/autonomy/src/state_estimation/sitl_gazebo
    linked by target "gazebo_irlock_plugin" in directory /home/pcampolucci/autonomy/src/state_estimation/sitl_gazebo
    linked by target "gazebo_gps_plugin" in directory /home/pcampolucci/autonomy/src/state_estimation/sitl_gazebo
    linked by target "gazebo_video_stream_widget" in directory /home/pcampolucci/autonomy/src/state_estimation/sitl_gazebo
    linked by target "LiftDragPlugin" in directory /home/pcampolucci/autonomy/src/state_estimation/sitl_gazebo
    linked by target "gazebo_gps_plugin_test" in directory /home/pcampolucci/autonomy/src/state_estimation/sitl_gazebo/unit_tests
    linked by target "gazebo_gimbal_controller_plugin_test" in directory /home/pcampolucci/autonomy/src/state_estimation/sitl_gazebo/unit_tests
_MAVLINK_INCLUDE_DIR
   used as include directory in directory /home/pcampolucci/autonomy/src/state_estimation/sitl_gazebo
   used as include directory in directory /home/pcampolucci/autonomy/src/state_estimation/sitl_gazebo
   used as include directory in directory /home/pcampolucci/autonomy/src/state_estimation/sitl_gazebo
   used as include directory in directory /home/pcampolucci/autonomy/src/state_estimation/sitl_gazebo
   used as include directory in directory /home/pcampolucci/autonomy/src/state_estimation/sitl_gazebo
   used as include directory in directory /home/pcampolucci/autonomy/src/state_estimation/sitl_gazebo
   used as include directory in directory /home/pcampolucci/autonomy/src/state_estimation/sitl_gazebo
   used as include directory in directory /home/pcampolucci/autonomy/src/state_estimation/sitl_gazebo
   used as include directory in directory /home/pcampolucci/autonomy/src/state_estimation/sitl_gazebo
   used as include directory in directory /home/pcampolucci/autonomy/src/state_estimation/sitl_gazebo
   used as include directory in directory /home/pcampolucci/autonomy/src/state_estimation/sitl_gazebo
   used as include directory in directory /home/pcampolucci/autonomy/src/state_estimation/sitl_gazebo
   used as include directory in directory /home/pcampolucci/autonomy/src/state_estimation/sitl_gazebo
   used as include directory in directory /home/pcampolucci/autonomy/src/state_estimation/sitl_gazebo
   used as include directory in directory /home/pcampolucci/autonomy/src/state_estimation/sitl_gazebo
   used as include directory in directory /home/pcampolucci/autonomy/src/state_estimation/sitl_gazebo
   used as include directory in directory /home/pcampolucci/autonomy/src/state_estimation/sitl_gazebo
   used as include directory in directory /home/pcampolucci/autonomy/src/state_estimation/sitl_gazebo
   used as include directory in directory /home/pcampolucci/autonomy/src/state_estimation/sitl_gazebo
   used as include directory in directory /home/pcampolucci/autonomy/src/state_estimation/sitl_gazebo
   used as include directory in directory /home/pcampolucci/autonomy/src/state_estimation/sitl_gazebo
   used as include directory in directory /home/pcampolucci/autonomy/src/state_estimation/sitl_gazebo
   used as include directory in directory /home/pcampolucci/autonomy/src/state_estimation/sitl_gazebo
   used as include directory in directory /home/pcampolucci/autonomy/src/state_estimation/sitl_gazebo
   used as include directory in directory /home/pcampolucci/autonomy/src/state_estimation/sitl_gazebo
   used as include directory in directory /home/pcampolucci/autonomy/src/state_estimation/sitl_gazebo
   used as include directory in directory /home/pcampolucci/autonomy/src/state_estimation/sitl_gazebo
   used as include directory in directory /home/pcampolucci/autonomy/src/state_estimation/sitl_gazebo
   used as include directory in directory /home/pcampolucci/autonomy/src/state_estimation/sitl_gazebo
   used as include directory in directory /home/pcampolucci/autonomy/src/state_estimation/sitl_gazebo
   used as include directory in directory /home/pcampolucci/autonomy/src/state_estimation/sitl_gazebo
   used as include directory in directory /home/pcampolucci/autonomy/src/state_estimation/sitl_gazebo
   used as include directory in directory /home/pcampolucci/autonomy/src/state_estimation/sitl_gazebo
   used as include directory in directory /home/pcampolucci/autonomy/src/state_estimation/sitl_gazebo
   used as include directory in directory /home/pcampolucci/autonomy/src/state_estimation/sitl_gazebo
   used as include directory in directory /home/pcampolucci/autonomy/src/state_estimation/sitl_gazebo
   used as include directory in directory /home/pcampolucci/autonomy/src/state_estimation/sitl_gazebo
   used as include directory in directory /home/pcampolucci/autonomy/src/state_estimation/sitl_gazebo
   used as include directory in directory /home/pcampolucci/autonomy/src/state_estimation/sitl_gazebo
   used as include directory in directory /home/pcampolucci/autonomy/src/state_estimation/sitl_gazebo
   used as include directory in directory /home/pcampolucci/autonomy/src/state_estimation/sitl_gazebo
[36m--[0m Configuring incomplete, errors occurred!
See also "/home/pcampolucci/autonomy/build/mavlink_sitl_gazebo/CMakeFiles/CMakeOutput.log".
See also "/home/pcampolucci/autonomy/build/mavlink_sitl_gazebo/CMakeFiles/CMakeError.log".
   used as include directory in directory /home/pcampolucci/autonomy/src/state_estimation/sitl_gazebo/unit_tests
   used as include directory in directory /home/pcampolucci/autonomy/src/state_estimation/sitl_gazebo/unit_tests
   used as include directory in directory /home/pcampolucci/autonomy/src/state_estimation/sitl_gazebo/unit_tests
   used as include directory in directory /home/pcampolucci/autonomy/src/state_estimation/sitl_gazebo/unit_tests
   used as include directory in directory /home/pcampolucci/autonomy/src/state_estimation/sitl_gazebo/unit_tests
   used as include directory in directory /home/pcampolucci/autonomy/src/state_estimation/sitl_gazebo/unit_tests
   used as include directory in directory /home/pcampolucci/autonomy/src/state_estimation/sitl_gazebo/unit_tests
   used as include directory in directory /home/pcampolucci/autonomy/src/state_estimation/sitl_gazebo/unit_tests
   used as include directory in directory /home/pcampolucci/autonomy/src/state_estimation/sitl_gazebo/unit_tests
   used as include directory in directory /home/pcampolucci/autonomy/src/state_estimation/sitl_gazebo/unit_tests
   used as include directory in directory /home/pcampolucci/autonomy/src/state_estimation/sitl_gazebo/unit_tests
   used as include directory in directory /home/pcampolucci/autonomy/src/state_estimation/sitl_gazebo/unit_tests
   used as include directory in directory /home/pcampolucci/autonomy/src/state_estimation/sitl_gazebo/unit_tests
   used as include directory in directory /home/pcampolucci/autonomy/src/state_estimation/sitl_gazebo/unit_tests
   used as include directory in directory /home/pcampolucci/autonomy/src/state_estimation/sitl_gazebo/unit_tests
   used as include directory in directory /home/pcampolucci/autonomy/src/state_estimation/sitl_gazebo/unit_tests
   used as include directory in directory /home/pcampolucci/autonomy/src/state_estimation/sitl_gazebo/unit_tests
   used as include directory in directory /home/pcampolucci/autonomy/src/state_estimation/sitl_gazebo/unit_tests
   used as include directory in directory /home/pcampolucci/autonomy/src/state_estimation/sitl_gazebo/unit_tests
   used as include directory in directory /home/pcampolucci/autonomy/src/state_estimation/sitl_gazebo/unit_tests

