[35m[1mScanning dependencies of target klt_feature_tracker[0m
[  0%] [34m[1mRunning C++ protocol buffer compiler on msgs/Wind.proto[0m
[  1%] [34m[1mRunning C++ protocol buffer compiler on msgs/Int32.proto[0m
[  4%] [34m[1mRunning C++ protocol buffer compiler on msgs/Odometry.proto[0m
[  4%] [34m[1mRunning C++ protocol buffer compiler on msgs/MotorSpeed.proto[0m
[  4%] [34m[1mRunning C++ protocol buffer compiler on msgs/Pressure.proto[0m
[  4%] Built target sensor_msgs_generate_messages_eus
[  4%] Built target std_msgs_generate_messages_cpp
[  4%] [34m[1mGenerating /home/pcampolucci/autonomy/src/state_estimation/sitl_gazebo/models/3DR_gps_mag/3DR_gps_mag-gen.sdf[0m
[  4%] Built target sensor_msgs_generate_messages_cpp
[  5%] [34m[1mGenerating /home/pcampolucci/autonomy/src/state_estimation/sitl_gazebo/models/iris/iris.sdf[0m
[  6%] [32mBuilding CXX object OpticalFlow/klt_feature_tracker/CMakeFiles/klt_feature_tracker.dir/src/trackFeatures.cpp.o[0m
[  6%] [34m[1mRunning C++ protocol buffer compiler on msgs/CommandMotorSpeed.proto[0m
[  7%] [34m[1mRunning C++ protocol buffer compiler on msgs/Imu.proto[0m
[  8%] [34m[1mGenerating /home/pcampolucci/autonomy/src/state_estimation/sitl_gazebo/models/c920/c920-gen.sdf[0m
[  8%] [34m[1mRunning C++ protocol buffer compiler on msgs/IRLock.proto[0m
[35m[1mScanning dependencies of target physics_msgs[0m
[35m[1mScanning dependencies of target nav_msgs[0m
[35m[1mScanning dependencies of target std_msgs[0m
[ 10%] [34m[1mGenerating /home/pcampolucci/autonomy/src/state_estimation/sitl_gazebo/models/matrice_100/matrice_100-gen.sdf[0m
[ 10%] Built target std_msgs_generate_messages_eus
[ 11%] [32m[1mLinking CXX shared library /home/pcampolucci/autonomy/devel/.private/mavlink_sitl_gazebo/lib/libklt_feature_tracker.so[0m
[ 12%] [34m[1mRunning C++ protocol buffer compiler on msgs/Float.proto[0m
[ 13%] [32mBuilding CXX object CMakeFiles/physics_msgs.dir/Wind.pb.cc.o[0m
[ 13%] Built target _klt_feature_tracker_generate_messages_check_deps_TrackFeatures
[ 14%] [32mBuilding CXX object CMakeFiles/std_msgs.dir/Int32.pb.cc.o[0m
[ 15%] [32mBuilding CXX object CMakeFiles/nav_msgs.dir/Odometry.pb.cc.o[0m
[ 16%] [34m[1mGenerating /home/pcampolucci/autonomy/src/state_estimation/sitl_gazebo/models/mb1240-xl-ez4/mb1240-xl-ez4-gen.sdf[0m
[35m[1mScanning dependencies of target mav_msgs[0m
[ 17%] [34m[1mRunning C++ protocol buffer compiler on msgs/Groundtruth.proto[0m
[ 17%] Built target sensor_msgs_generate_messages_lisp
[ 19%] [32mBuilding CXX object CMakeFiles/mav_msgs.dir/CommandMotorSpeed.pb.cc.o[0m
[ 20%] [34m[1mRunning C++ protocol buffer compiler on msgs/Range.proto[0m
[ 21%] [34m[1mGenerating /home/pcampolucci/autonomy/src/state_estimation/sitl_gazebo/models/pixhawk/pixhawk-gen.sdf[0m
[ 22%] [34m[1mRunning C++ protocol buffer compiler on msgs/SITLGps.proto[0m
/home/pcampolucci/autonomy/src/state_estimation/sitl_gazebo/models/3DR_gps_mag/3DR_gps_mag.sdf.jinja -> /home/pcampolucci/autonomy/src/state_estimation/sitl_gazebo/models/3DR_gps_mag/3DR_gps_mag-gen.sdf
/home/pcampolucci/autonomy/src/state_estimation/sitl_gazebo/models/c920/c920.sdf.jinja -> /home/pcampolucci/autonomy/src/state_estimation/sitl_gazebo/models/c920/c920-gen.sdf
[ 22%] [34m[1mRunning C++ protocol buffer compiler on msgs/OpticalFlow.proto[0m
[ 23%] [34m[1mRunning C++ protocol buffer compiler on msgs/MagneticField.proto[0m
/home/pcampolucci/autonomy/src/state_estimation/sitl_gazebo/models/matrice_100/matrice_100.sdf.jinja -> /home/pcampolucci/autonomy/src/state_estimation/sitl_gazebo/models/matrice_100/matrice_100-gen.sdf
/home/pcampolucci/autonomy/src/state_estimation/sitl_gazebo/models/mb1240-xl-ez4/mb1240-xl-ez4.sdf.jinja -> /home/pcampolucci/autonomy/src/state_estimation/sitl_gazebo/models/mb1240-xl-ez4/mb1240-xl-ez4-gen.sdf
[ 23%] Built target klt_feature_tracker
[ 24%] [32mBuilding CXX object CMakeFiles/mav_msgs.dir/MotorSpeed.pb.cc.o[0m
[ 24%] Built target std_msgs_generate_messages_lisp
[ 25%] [32m[1mLinking CXX shared library /home/pcampolucci/autonomy/devel/.private/mavlink_sitl_gazebo/lib/libstd_msgs.so[0m
[ 26%] [34m[1mGenerating /home/pcampolucci/autonomy/src/state_estimation/sitl_gazebo/models/px4flow/px4flow-gen.sdf[0m
[ 28%] [32m[1mLinking CXX shared library /home/pcampolucci/autonomy/devel/.private/mavlink_sitl_gazebo/lib/libmav_msgs.so[0m
[ 28%] Built target sensor_msgs_generate_messages_nodejs

[ 28%] Built target std_msgs_generate_messages_nodejs
[ 28%] Built target std_msgs_generate_messages_py
/home/pcampolucci/autonomy/src/state_estimation/sitl_gazebo/models/pixhawk/pixhawk.sdf.jinja -> /home/pcampolucci/autonomy/src/state_estimation/sitl_gazebo/models/pixhawk/pixhawk-gen.sdf
[ 28%] [34m[1mGenerating /home/pcampolucci/autonomy/src/state_estimation/sitl_gazebo/models/r200/r200-gen.sdf[0m
[ 29%] [34m[1mGenerating /home/pcampolucci/autonomy/src/state_estimation/sitl_gazebo/models/sf10a/sf10a-gen.sdf[0m
[ 29%] Built target sensor_msgs_generate_messages_py
[35m[1mScanning dependencies of target OpticalFlow[0m
[35m[1mScanning dependencies of target sensor_msgs[0m
[ 30%] [32m[1mLinking CXX shared library /home/pcampolucci/autonomy/devel/.private/mavlink_sitl_gazebo/lib/libphysics_msgs.so[0m
[ 31%] [32mBuilding CXX object OpticalFlow/CMakeFiles/OpticalFlow.dir/src/optical_flow.cpp.o[0m
[ 32%] [34m[1mGenerating C++ code from klt_feature_tracker/TrackFeatures.srv[0m
[ 33%] [34m[1mGenerating EusLisp code from klt_feature_tracker/TrackFeatures.srv[0m
[ 34%] [32mBuilding CXX object CMakeFiles/sensor_msgs.dir/Imu.pb.cc.o[0m
[ 35%] [32mBuilding CXX object OpticalFlow/CMakeFiles/OpticalFlow.dir/src/px4flow.cpp.o[0m
[ 37%] [32m[1mLinking CXX shared library /home/pcampolucci/autonomy/devel/.private/mavlink_sitl_gazebo/lib/libnav_msgs.so[0m
/home/pcampolucci/autonomy/src/state_estimation/sitl_gazebo/models/px4flow/px4flow.sdf.jinja -> /home/pcampolucci/autonomy/src/state_estimation/sitl_gazebo/models/px4flow/px4flow-gen.sdf
/home/pcampolucci/autonomy/src/state_estimation/sitl_gazebo/models/r200/r200.sdf.jinja -> /home/pcampolucci/autonomy/src/state_estimation/sitl_gazebo/models/r200/r200-gen.sdf
[ 37%] [32mBuilding CXX object OpticalFlow/CMakeFiles/OpticalFlow.dir/src/flow_opencv.cpp.o[0m
[ 38%] [32mBuilding CXX object OpticalFlow/CMakeFiles/OpticalFlow.dir/src/flow_px4.cpp.o[0m
/home/pcampolucci/autonomy/src/state_estimation/sitl_gazebo/models/sf10a/sf10a.sdf.jinja -> /home/pcampolucci/autonomy/src/state_estimation/sitl_gazebo/models/sf10a/sf10a-gen.sdf
[ 40%] [32mBuilding CXX object CMakeFiles/sensor_msgs.dir/IRLock.pb.cc.o[0m
[ 40%] [34m[1mGenerating Lisp code from klt_feature_tracker/TrackFeatures.srv[0m
[ 41%] [32m[1mLinking CXX shared library libOpticalFlow.so[0m
[ 41%] Built target models_gen
[ 41%] Built target klt_feature_tracker_generate_messages_eus
[ 42%] [34m[1mGenerating Javascript code from klt_feature_tracker/TrackFeatures.srv[0m
[ 43%] [34m[1mGenerating Python code from SRV klt_feature_tracker/TrackFeatures[0m
[ 43%] Built target klt_feature_tracker_generate_messages_lisp
[ 43%] [32mBuilding CXX object CMakeFiles/sensor_msgs.dir/Float.pb.cc.o[0m
[ 43%] Built target klt_feature_tracker_generate_messages_nodejs
[ 44%] [32mBuilding CXX object CMakeFiles/sensor_msgs.dir/Groundtruth.pb.cc.o[0m
[ 46%] [32mBuilding CXX object CMakeFiles/sensor_msgs.dir/Range.pb.cc.o[0m
[ 47%] [32mBuilding CXX object CMakeFiles/sensor_msgs.dir/SITLGps.pb.cc.o[0m
[ 47%] Built target OpticalFlow
[ 48%] [34m[1mGenerating Python srv __init__.py for klt_feature_tracker[0m
[ 48%] Built target klt_feature_tracker_generate_messages_cpp
[ 49%] [32mBuilding CXX object CMakeFiles/sensor_msgs.dir/OpticalFlow.pb.cc.o[0m
[ 49%] [32mBuilding CXX object CMakeFiles/sensor_msgs.dir/MagneticField.pb.cc.o[0m
[35m[1mScanning dependencies of target feature_tracker_node[0m
[ 50%] [32mBuilding CXX object CMakeFiles/sensor_msgs.dir/Pressure.pb.cc.o[0m
[ 51%] [32mBuilding CXX object OpticalFlow/klt_feature_tracker/CMakeFiles/feature_tracker_node.dir/src/nodes/feature_tracker_node.cpp.o[0m
[ 51%] Built target mav_msgs
[ 51%] Built target klt_feature_tracker_generate_messages_py
[ 51%] Built target std_msgs
[ 51%] Built target klt_feature_tracker_generate_messages
[ 52%] [32m[1mLinking CXX shared library /home/pcampolucci/autonomy/devel/.private/mavlink_sitl_gazebo/lib/libsensor_msgs.so[0m
[ 52%] Built target sdf
[ 52%] Built target physics_msgs
[ 52%] Built target nav_msgs
[ 52%] Built target sensor_msgs
[35m[1mScanning dependencies of target gazebo_opticalflow_plugin[0m
[35m[1mScanning dependencies of target gazebo_lidar_plugin[0m
[35m[1mScanning dependencies of target gazebo_uuv_plugin[0m
[35m[1mScanning dependencies of target gazebo_gimbal_controller_plugin[0m
[35m[1mScanning dependencies of target gazebo_wind_plugin[0m
[35m[1mScanning dependencies of target gazebo_imu_plugin[0m
[35m[1mScanning dependencies of target gazebo_sonar_plugin[0m
[35m[1mScanning dependencies of target gazebo_vision_plugin[0m
[35m[1mScanning dependencies of target gazebo_opticalflow_mockup_plugin[0m
[35m[1mScanning dependencies of target gazebo_controller_interface[0m
[35m[1mScanning dependencies of target gazebo_geotagged_images_plugin[0m
[ 53%] [32mBuilding CXX object CMakeFiles/gazebo_gimbal_controller_plugin.dir/src/gazebo_gimbal_controller_plugin.cpp.o[0m
[ 55%] [32mBuilding CXX object CMakeFiles/gazebo_opticalflow_plugin.dir/src/gazebo_opticalflow_plugin.cpp.o[0m
[ 56%] [32mBuilding CXX object CMakeFiles/gazebo_lidar_plugin.dir/src/gazebo_lidar_plugin.cpp.o[0m
[ 56%] [32mBuilding CXX object CMakeFiles/gazebo_controller_interface.dir/src/gazebo_controller_interface.cpp.o[0m
[ 57%] [32mBuilding CXX object CMakeFiles/gazebo_opticalflow_mockup_plugin.dir/src/gazebo_opticalflow_mockup_plugin.cpp.o[0m
[ 58%] [32mBuilding CXX object CMakeFiles/gazebo_sonar_plugin.dir/src/gazebo_sonar_plugin.cpp.o[0m
[ 59%] [32mBuilding CXX object CMakeFiles/gazebo_imu_plugin.dir/src/gazebo_imu_plugin.cpp.o[0m
[ 61%] [32mBuilding CXX object CMakeFiles/gazebo_vision_plugin.dir/src/gazebo_vision_plugin.cpp.o[0m
[ 61%] [32mBuilding CXX object CMakeFiles/gazebo_wind_plugin.dir/src/gazebo_wind_plugin.cpp.o[0m
[ 62%] [32mBuilding CXX object CMakeFiles/gazebo_uuv_plugin.dir/src/gazebo_uuv_plugin.cpp.o[0m
[ 62%] [32mBuilding CXX object CMakeFiles/gazebo_geotagged_images_plugin.dir/src/gazebo_geotagged_images_plugin.cpp.o[0m
[ 64%] [32m[1mLinking CXX shared library /home/pcampolucci/autonomy/devel/.private/mavlink_sitl_gazebo/lib/libgazebo_gimbal_controller_plugin.so[0m
[ 67%] [32m[1mLinking CXX shared library /home/pcampolucci/autonomy/devel/.private/mavlink_sitl_gazebo/lib/libgazebo_controller_interface.so[0m
[ 67%] [32m[1mLinking CXX shared library /home/pcampolucci/autonomy/devel/.private/mavlink_sitl_gazebo/lib/libgazebo_opticalflow_mockup_plugin.so[0m
[ 68%] [32m[1mLinking CXX shared library /home/pcampolucci/autonomy/devel/.private/mavlink_sitl_gazebo/lib/libgazebo_lidar_plugin.so[0m
[ 67%] [32m[1mLinking CXX shared library /home/pcampolucci/autonomy/devel/.private/mavlink_sitl_gazebo/lib/libgazebo_imu_plugin.so[0m
[ 69%] [32m[1mLinking CXX shared library /home/pcampolucci/autonomy/devel/.private/mavlink_sitl_gazebo/lib/libgazebo_vision_plugin.so[0m
[ 70%] [32m[1mLinking CXX shared library /home/pcampolucci/autonomy/devel/.private/mavlink_sitl_gazebo/lib/libgazebo_sonar_plugin.so[0m
[ 71%] [32m[1mLinking CXX shared library /home/pcampolucci/autonomy/devel/.private/mavlink_sitl_gazebo/lib/libgazebo_wind_plugin.so[0m
[ 73%] [32m[1mLinking CXX shared library /home/pcampolucci/autonomy/devel/.private/mavlink_sitl_gazebo/lib/libgazebo_uuv_plugin.so[0m
[ 74%] [32m[1mLinking CXX shared library /home/pcampolucci/autonomy/devel/.private/mavlink_sitl_gazebo/lib/libgazebo_opticalflow_plugin.so[0m
[ 75%] [32m[1mLinking CXX executable /home/pcampolucci/autonomy/devel/.private/mavlink_sitl_gazebo/lib/klt_feature_tracker/feature_tracker_node[0m
[ 75%] Built target feature_tracker_node
[35m[1mScanning dependencies of target gazebo_mavlink_interface[0m
[ 75%] [32mBuilding CXX object CMakeFiles/gazebo_mavlink_interface.dir/src/gazebo_mavlink_interface.cpp.o[0m
[ 76%] [32m[1mLinking CXX shared library /home/pcampolucci/autonomy/devel/.private/mavlink_sitl_gazebo/lib/libgazebo_mavlink_interface.so[0m
[ 76%] Built target gazebo_controller_interface
[35m[1mScanning dependencies of target gazebo_motor_model[0m
[ 76%] Built target gazebo_uuv_plugin
[ 77%] [32mBuilding CXX object CMakeFiles/gazebo_motor_model.dir/src/gazebo_motor_model.cpp.o[0m
[35m[1mScanning dependencies of target gazebo_catapult_plugin[0m
[ 78%] [32m[1mLinking CXX shared library /home/pcampolucci/autonomy/devel/.private/mavlink_sitl_gazebo/lib/libgazebo_motor_model.so[0m
[ 79%] [32mBuilding CXX object CMakeFiles/gazebo_catapult_plugin.dir/src/gazebo_catapult_plugin.cpp.o[0m
[ 79%] Built target gazebo_opticalflow_mockup_plugin
[ 79%] Built target gazebo_sonar_plugin
[35m[1mScanning dependencies of target gazebo_multirotor_base_plugin[0m
[ 80%] [32m[1mLinking CXX shared library /home/pcampolucci/autonomy/devel/.private/mavlink_sitl_gazebo/lib/libgazebo_catapult_plugin.so[0m
[ 80%] Built target gazebo_lidar_plugin
[35m[1mScanning dependencies of target gazebo_magnetometer_plugin[0m
[35m[1mScanning dependencies of target gazebo_usv_dynamics_plugin[0m
[ 82%] [32mBuilding CXX object CMakeFiles/gazebo_multirotor_base_plugin.dir/src/gazebo_multirotor_base_plugin.cpp.o[0m
[ 83%] [32mBuilding CXX object CMakeFiles/gazebo_usv_dynamics_plugin.dir/src/gazebo_usv_dynamics_plugin.cpp.o[0m
[ 84%] [32mBuilding CXX object CMakeFiles/gazebo_magnetometer_plugin.dir/src/gazebo_magnetometer_plugin.cpp.o[0m
[ 84%] Built target gazebo_imu_plugin
[ 84%] [32m[1mLinking CXX shared library /home/pcampolucci/autonomy/devel/.private/mavlink_sitl_gazebo/lib/libgazebo_multirotor_base_plugin.so[0m
[ 84%] Built target gazebo_wind_plugin
[ 84%] Built target gazebo_vision_plugin
[35m[1mScanning dependencies of target gazebo_barometer_plugin[0m
[ 85%] [32mBuilding CXX object CMakeFiles/gazebo_magnetometer_plugin.dir/src/geo_mag_declination.cpp.o[0m
[35m[1mScanning dependencies of target gazebo_parachute_plugin[0m
[ 85%] [32m[1mLinking CXX shared library /home/pcampolucci/autonomy/devel/.private/mavlink_sitl_gazebo/lib/libgazebo_usv_dynamics_plugin.so[0m
[35m[1mScanning dependencies of target gazebo_gst_camera_plugin[0m
[ 85%] Built target gazebo_gimbal_controller_plugin
[ 86%] [32m[1mLinking CXX shared library /home/pcampolucci/autonomy/devel/.private/mavlink_sitl_gazebo/lib/libgazebo_magnetometer_plugin.so[0m
[35m[1mScanning dependencies of target gazebo_irlock_plugin[0m
[ 87%] [32mBuilding CXX object CMakeFiles/gazebo_barometer_plugin.dir/src/gazebo_barometer_plugin.cpp.o[0m
[ 87%] [32mBuilding CXX object CMakeFiles/gazebo_parachute_plugin.dir/src/gazebo_parachute_plugin.cpp.o[0m
[ 87%] [32mBuilding CXX object CMakeFiles/gazebo_gst_camera_plugin.dir/src/gazebo_gst_camera_plugin.cpp.o[0m
[ 88%] [32mBuilding CXX object CMakeFiles/gazebo_irlock_plugin.dir/src/gazebo_irlock_plugin.cpp.o[0m
[ 88%] [32m[1mLinking CXX shared library /home/pcampolucci/autonomy/devel/.private/mavlink_sitl_gazebo/lib/libgazebo_barometer_plugin.so[0m
[ 89%] [32m[1mLinking CXX shared library /home/pcampolucci/autonomy/devel/.private/mavlink_sitl_gazebo/lib/libgazebo_parachute_plugin.so[0m
[ 91%] [32m[1mLinking CXX shared library /home/pcampolucci/autonomy/devel/.private/mavlink_sitl_gazebo/lib/libgazebo_gst_camera_plugin.so[0m
[ 92%] [32m[1mLinking CXX shared library /home/pcampolucci/autonomy/devel/.private/mavlink_sitl_gazebo/lib/libgazebo_irlock_plugin.so[0m
[ 92%] Built target gazebo_opticalflow_plugin
[35m[1mScanning dependencies of target gazebo_gps_plugin[0m
[ 93%] [32mBuilding CXX object CMakeFiles/gazebo_gps_plugin.dir/src/gazebo_gps_plugin.cpp.o[0m
[ 94%] [32m[1mLinking CXX shared library /home/pcampolucci/autonomy/devel/.private/mavlink_sitl_gazebo/lib/libgazebo_gps_plugin.so[0m
[ 94%] Built target gazebo_usv_dynamics_plugin
[ 95%] [34m[1mGenerating include/moc_gazebo_video_stream_widget.cpp[0m
[ 95%] Built target gazebo_catapult_plugin
[35m[1mScanning dependencies of target LiftDragPlugin[0m
[ 95%] Built target gazebo_multirotor_base_plugin
[ 95%] [32mBuilding CXX object CMakeFiles/LiftDragPlugin.dir/src/liftdrag_plugin/liftdrag_plugin.cpp.o[0m
[ 95%] Built target gazebo_mavlink_interface
[ 95%] Built target gazebo_motor_model
[ 95%] Built target gazebo_barometer_plugin
[ 96%] [32m[1mLinking CXX shared library /home/pcampolucci/autonomy/devel/.private/mavlink_sitl_gazebo/lib/libLiftDragPlugin.so[0m
[35m[1mScanning dependencies of target gazebo_video_stream_widget[0m
[ 97%] [32mBuilding CXX object CMakeFiles/gazebo_video_stream_widget.dir/include/moc_gazebo_video_stream_widget.cpp.o[0m
[ 97%] [32mBuilding CXX object CMakeFiles/gazebo_video_stream_widget.dir/src/gazebo_video_stream_widget.cpp.o[0m
[ 98%] [32m[1mLinking CXX shared library /home/pcampolucci/autonomy/devel/.private/mavlink_sitl_gazebo/lib/libgazebo_video_stream_widget.so[0m
[ 98%] Built target gazebo_gps_plugin
[ 98%] Built target gazebo_magnetometer_plugin
[ 98%] Built target gazebo_parachute_plugin
[ 98%] Built target gazebo_irlock_plugin
[ 98%] Built target gazebo_gst_camera_plugin
[ 98%] Built target LiftDragPlugin
[ 98%] Built target gazebo_video_stream_widget
/home/pcampolucci/autonomy/src/state_estimation/sitl_gazebo/src/gazebo_geotagged_images_plugin.cpp: In member function ‘void gazebo::GeotaggedImagesPlugin::_send_capture_status(sockaddr*)’:
/home/pcampolucci/autonomy/src/state_estimation/sitl_gazebo/src/gazebo_geotagged_images_plugin.cpp:739:22: error: too many arguments to function ‘uint16_t mavlink_msg_camera_capture_status_pack_chan(uint8_t, uint8_t, uint8_t, mavlink_message_t*, uint32_t, uint8_t, uint8_t, float, uint32_t, float)’
         _imageCounter);                         // total number of images
                      ^
In file included from /opt/ros/melodic/include/mavlink/v2.0/common/common.h:2314:0,
                 from /opt/ros/melodic/include/mavlink/v2.0/common/mavlink.h:32,
                 from /home/pcampolucci/autonomy/src/state_estimation/sitl_gazebo/include/gazebo_geotagged_images_plugin.h:21,
                 from /home/pcampolucci/autonomy/src/state_estimation/sitl_gazebo/src/gazebo_geotagged_images_plugin.cpp:18:
/opt/ros/melodic/include/mavlink/v2.0/common/./mavlink_msg_camera_capture_status.h:110:24: note: declared here
 static inline uint16_t mavlink_msg_camera_capture_status_pack_chan(uint8_t system_id, uint8_t component_id, uint8_t chan,
                        ^~~~~~~~~~~~~~~~~~~~~~~~~~~~~~~~~~~~~~~~~~~
At global scope:
cc1plus: warning: unrecognized command line option ‘-Wno-address-of-packed-member’
CMakeFiles/gazebo_geotagged_images_plugin.dir/build.make:62: recipe for target 'CMakeFiles/gazebo_geotagged_images_plugin.dir/src/gazebo_geotagged_images_plugin.cpp.o' failed
make[2]: *** [CMakeFiles/gazebo_geotagged_images_plugin.dir/src/gazebo_geotagged_images_plugin.cpp.o] Error 1
CMakeFiles/Makefile2:153: recipe for target 'CMakeFiles/gazebo_geotagged_images_plugin.dir/all' failed
make[1]: *** [CMakeFiles/gazebo_geotagged_images_plugin.dir/all] Error 2
Makefile:162: recipe for target 'all' failed
make: *** [all] Error 2
