[36m--[0m Darknet path dir = /home/pcampolucci/autonomy/src/perception/darknet_ros/darknet
[36m--[0m CUDA Version:
[36m--[0m CUDA Libararies: /usr/local/cuda/lib64/libcudart_static.a;-lpthread;dl;/usr/lib/x86_64-linux-gnu/librt.so
[36m--[0m Searching for X11...
[36m--[0m  X11_INCLUDE_DIR: /usr/include
[36m--[0m  X11_LIBRARIES: /usr/lib/x86_64-linux-gnu/libSM.so/usr/lib/x86_64-linux-gnu/libICE.so/usr/lib/x86_64-linux-gnu/libX11.so/usr/lib/x86_64-linux-gnu/libXext.so
[36m--[0m Boost version: 1.65.1
[36m--[0m Found the following Boost libraries:
[36m--[0m   thread
[36m--[0m   chrono
[36m--[0m   system
[36m--[0m   date_time
[36m--[0m   atomic
[36m--[0m Using CATKIN_DEVEL_PREFIX: /home/pcampolucci/autonomy/devel/.private/darknet_ros
[36m--[0m Using CMAKE_PREFIX_PATH: /home/pcampolucci/autonomy/devel;/opt/ros/melodic
[36m--[0m This workspace overlays: /home/pcampolucci/autonomy/devel;/opt/ros/melodic
[36m--[0m Found PythonInterp: /usr/bin/python2 (found suitable version "2.7.17", minimum required is "2")
[36m--[0m Using PYTHON_EXECUTABLE: /usr/bin/python2
[36m--[0m Using Debian Python package layout
[36m--[0m Using empy: /usr/bin/empy
[36m--[0m Using CATKIN_ENABLE_TESTING: ON
[36m--[0m Call enable_testing()
[36m--[0m Using CATKIN_TEST_RESULTS_DIR: /home/pcampolucci/autonomy/build/darknet_ros/test_results
[36m--[0m Found gtest sources under '/usr/src/googletest': gtests will be built
[36m--[0m Found gmock sources under '/usr/src/googletest': gmock will be built
[36m--[0m Found PythonInterp: /usr/bin/python2 (found version "2.7.17")
[36m--[0m Using Python nosetests: /usr/bin/nosetests-2.7
[36m--[0m catkin 0.7.23
[36m--[0m BUILD_SHARED_LIBS is on
[36m--[0m Using these message generators: gencpp;geneus;genlisp;gennodejs;genpy
[36m--[0m Checking and downloading yolov2-tiny.weights if needed ...
[36m--[0m Checking and downloading yolov3.weights if needed ...
[36m--[0m Checking and downloading yolov2.weights if needed ...
[31m[1mCMake Error[0m at /opt/ros/melodic/share/rostest/cmake/rostest-extras.cmake:25 (message):
  Can't find rostest file "test/object_detection.test"
[36mCall Stack (most recent call first):[0m
  /opt/ros/melodic/share/rostest/cmake/rostest-extras.cmake:80 (add_rostest)
  /opt/ros/melodic/share/rostest/cmake/rostest-extras.cmake:100 (_add_rostest_google_test)
  CMakeLists.txt:245 (add_rostest_gtest)


[36m--[0m Configuring incomplete, errors occurred!
See also "/home/pcampolucci/autonomy/build/darknet_ros/CMakeFiles/CMakeOutput.log".
See also "/home/pcampolucci/autonomy/build/darknet_ros/CMakeFiles/CMakeError.log".
Makefile:3000: recipe for target 'cmake_check_build_system' failed
make: *** [cmake_check_build_system] Error 1
