Determining if the pthread_create exist failed with the following output:
Change Dir: /home/pcampolucci/Desktop/autonomy/build/catkin_tools_prebuild/CMakeFiles/CMakeTmp

Run Build Command:"/usr/bin/make" "cmTC_85ad7/fast"
/usr/bin/make -f CMakeFiles/cmTC_85ad7.dir/build.make CMakeFiles/cmTC_85ad7.dir/build
make[1]: Entering directory '/home/pcampolucci/Desktop/autonomy/build/catkin_tools_prebuild/CMakeFiles/CMakeTmp'
Building C object CMakeFiles/cmTC_85ad7.dir/CheckSymbolExists.c.o
/usr/lib/ccache/cc    -o CMakeFiles/cmTC_85ad7.dir/CheckSymbolExists.c.o   -c /home/pcampolucci/Desktop/autonomy/build/catkin_tools_prebuild/CMakeFiles/CMakeTmp/CheckSymbolExists.c
Linking C executable cmTC_85ad7
/usr/bin/cmake -E cmake_link_script CMakeFiles/cmTC_85ad7.dir/link.txt --verbose=1
/usr/lib/ccache/cc      -rdynamic CMakeFiles/cmTC_85ad7.dir/CheckSymbolExists.c.o  -o cmTC_85ad7 
CMakeFiles/cmTC_85ad7.dir/CheckSymbolExists.c.o: In function `main':
CheckSymbolExists.c:(.text+0x1b): undefined reference to `pthread_create'
collect2: error: ld returned 1 exit status
CMakeFiles/cmTC_85ad7.dir/build.make:97: recipe for target 'cmTC_85ad7' failed
make[1]: *** [cmTC_85ad7] Error 1
make[1]: Leaving directory '/home/pcampolucci/Desktop/autonomy/build/catkin_tools_prebuild/CMakeFiles/CMakeTmp'
Makefile:126: recipe for target 'cmTC_85ad7/fast' failed
make: *** [cmTC_85ad7/fast] Error 2

File /home/pcampolucci/Desktop/autonomy/build/catkin_tools_prebuild/CMakeFiles/CMakeTmp/CheckSymbolExists.c:
/* */
#include <pthread.h>

int main(int argc, char** argv)
{
  (void)argv;
#ifndef pthread_create
  return ((int*)(&pthread_create))[argc];
#else
  (void)argc;
  return 0;
#endif
}

Determining if the function pthread_create exists in the pthreads failed with the following output:
Change Dir: /home/pcampolucci/Desktop/autonomy/build/catkin_tools_prebuild/CMakeFiles/CMakeTmp

Run Build Command:"/usr/bin/make" "cmTC_21a4e/fast"
/usr/bin/make -f CMakeFiles/cmTC_21a4e.dir/build.make CMakeFiles/cmTC_21a4e.dir/build
make[1]: Entering directory '/home/pcampolucci/Desktop/autonomy/build/catkin_tools_prebuild/CMakeFiles/CMakeTmp'
Building C object CMakeFiles/cmTC_21a4e.dir/CheckFunctionExists.c.o
/usr/lib/ccache/cc   -DCHECK_FUNCTION_EXISTS=pthread_create   -o CMakeFiles/cmTC_21a4e.dir/CheckFunctionExists.c.o   -c /usr/share/cmake-3.10/Modules/CheckFunctionExists.c
Linking C executable cmTC_21a4e
/usr/bin/cmake -E cmake_link_script CMakeFiles/cmTC_21a4e.dir/link.txt --verbose=1
/usr/lib/ccache/cc  -DCHECK_FUNCTION_EXISTS=pthread_create    -rdynamic CMakeFiles/cmTC_21a4e.dir/CheckFunctionExists.c.o  -o cmTC_21a4e -lpthreads 
/usr/bin/ld: cannot find -lpthreads
collect2: error: ld returned 1 exit status
CMakeFiles/cmTC_21a4e.dir/build.make:97: recipe for target 'cmTC_21a4e' failed
make[1]: *** [cmTC_21a4e] Error 1
make[1]: Leaving directory '/home/pcampolucci/Desktop/autonomy/build/catkin_tools_prebuild/CMakeFiles/CMakeTmp'
Makefile:126: recipe for target 'cmTC_21a4e/fast' failed
make: *** [cmTC_21a4e/fast] Error 2


