Determining if the pthread_create exist failed with the following output:
Change Dir: /home/pcampolucci/Desktop/autonomy/build/video_converter/CMakeFiles/CMakeTmp

Run Build Command:"/usr/bin/make" "cmTC_7387e/fast"
/usr/bin/make -f CMakeFiles/cmTC_7387e.dir/build.make CMakeFiles/cmTC_7387e.dir/build
make[1]: Entering directory '/home/pcampolucci/Desktop/autonomy/build/video_converter/CMakeFiles/CMakeTmp'
Building C object CMakeFiles/cmTC_7387e.dir/CheckSymbolExists.c.o
/usr/lib/ccache/cc    -o CMakeFiles/cmTC_7387e.dir/CheckSymbolExists.c.o   -c /home/pcampolucci/Desktop/autonomy/build/video_converter/CMakeFiles/CMakeTmp/CheckSymbolExists.c
Linking C executable cmTC_7387e
/usr/bin/cmake -E cmake_link_script CMakeFiles/cmTC_7387e.dir/link.txt --verbose=1
/usr/lib/ccache/cc      -rdynamic CMakeFiles/cmTC_7387e.dir/CheckSymbolExists.c.o  -o cmTC_7387e 
CMakeFiles/cmTC_7387e.dir/CheckSymbolExists.c.o: In function `main':
CheckSymbolExists.c:(.text+0x1b): undefined reference to `pthread_create'
collect2: error: ld returned 1 exit status
CMakeFiles/cmTC_7387e.dir/build.make:97: recipe for target 'cmTC_7387e' failed
make[1]: *** [cmTC_7387e] Error 1
make[1]: Leaving directory '/home/pcampolucci/Desktop/autonomy/build/video_converter/CMakeFiles/CMakeTmp'
Makefile:126: recipe for target 'cmTC_7387e/fast' failed
make: *** [cmTC_7387e/fast] Error 2

File /home/pcampolucci/Desktop/autonomy/build/video_converter/CMakeFiles/CMakeTmp/CheckSymbolExists.c:
/* */
#include <pthread.h>

int main(int argc, char** argv)
{
  (void)argv;
#ifndef pthread_create
  return ((int*)(&pthread_create))[argc];
#else
  (void)argc;
  return 0;
#endif
}

Determining if the function pthread_create exists in the pthreads failed with the following output:
Change Dir: /home/pcampolucci/Desktop/autonomy/build/video_converter/CMakeFiles/CMakeTmp

Run Build Command:"/usr/bin/make" "cmTC_cb695/fast"
/usr/bin/make -f CMakeFiles/cmTC_cb695.dir/build.make CMakeFiles/cmTC_cb695.dir/build
make[1]: Entering directory '/home/pcampolucci/Desktop/autonomy/build/video_converter/CMakeFiles/CMakeTmp'
Building C object CMakeFiles/cmTC_cb695.dir/CheckFunctionExists.c.o
/usr/lib/ccache/cc   -DCHECK_FUNCTION_EXISTS=pthread_create   -o CMakeFiles/cmTC_cb695.dir/CheckFunctionExists.c.o   -c /usr/share/cmake-3.10/Modules/CheckFunctionExists.c
Linking C executable cmTC_cb695
/usr/bin/cmake -E cmake_link_script CMakeFiles/cmTC_cb695.dir/link.txt --verbose=1
/usr/lib/ccache/cc  -DCHECK_FUNCTION_EXISTS=pthread_create    -rdynamic CMakeFiles/cmTC_cb695.dir/CheckFunctionExists.c.o  -o cmTC_cb695 -lpthreads 
/usr/bin/ld: cannot find -lpthreads
collect2: error: ld returned 1 exit status
CMakeFiles/cmTC_cb695.dir/build.make:97: recipe for target 'cmTC_cb695' failed
make[1]: *** [cmTC_cb695] Error 1
make[1]: Leaving directory '/home/pcampolucci/Desktop/autonomy/build/video_converter/CMakeFiles/CMakeTmp'
Makefile:126: recipe for target 'cmTC_cb695/fast' failed
make: *** [cmTC_cb695/fast] Error 2


