Determining if the pthread_create exist failed with the following output:
Change Dir: /home/pcampolucci/autonomy/build/fake_camera/CMakeFiles/CMakeTmp

Run Build Command:"/usr/bin/make" "cmTC_970b7/fast"
/usr/bin/make -f CMakeFiles/cmTC_970b7.dir/build.make CMakeFiles/cmTC_970b7.dir/build
make[1]: Entering directory '/home/pcampolucci/autonomy/build/fake_camera/CMakeFiles/CMakeTmp'
Building C object CMakeFiles/cmTC_970b7.dir/CheckSymbolExists.c.o
/usr/lib/ccache/cc    -o CMakeFiles/cmTC_970b7.dir/CheckSymbolExists.c.o   -c /home/pcampolucci/autonomy/build/fake_camera/CMakeFiles/CMakeTmp/CheckSymbolExists.c
Linking C executable cmTC_970b7
/usr/bin/cmake -E cmake_link_script CMakeFiles/cmTC_970b7.dir/link.txt --verbose=1
/usr/lib/ccache/cc      -rdynamic CMakeFiles/cmTC_970b7.dir/CheckSymbolExists.c.o  -o cmTC_970b7 
CMakeFiles/cmTC_970b7.dir/CheckSymbolExists.c.o: In function `main':
CheckSymbolExists.c:(.text+0x1b): undefined reference to `pthread_create'
collect2: error: ld returned 1 exit status
CMakeFiles/cmTC_970b7.dir/build.make:97: recipe for target 'cmTC_970b7' failed
make[1]: *** [cmTC_970b7] Error 1
make[1]: Leaving directory '/home/pcampolucci/autonomy/build/fake_camera/CMakeFiles/CMakeTmp'
Makefile:126: recipe for target 'cmTC_970b7/fast' failed
make: *** [cmTC_970b7/fast] Error 2

File /home/pcampolucci/autonomy/build/fake_camera/CMakeFiles/CMakeTmp/CheckSymbolExists.c:
/* */
#include <pthread.h>

int main(int argc, char** argv)
{
  (void)argv;
#ifndef pthread_create
  return ((int*)(&pthread_create))[argc];
#else
  (void)argc;
  return 0;
#endif
}

Determining if the function pthread_create exists in the pthreads failed with the following output:
Change Dir: /home/pcampolucci/autonomy/build/fake_camera/CMakeFiles/CMakeTmp

Run Build Command:"/usr/bin/make" "cmTC_aacec/fast"
/usr/bin/make -f CMakeFiles/cmTC_aacec.dir/build.make CMakeFiles/cmTC_aacec.dir/build
make[1]: Entering directory '/home/pcampolucci/autonomy/build/fake_camera/CMakeFiles/CMakeTmp'
Building C object CMakeFiles/cmTC_aacec.dir/CheckFunctionExists.c.o
/usr/lib/ccache/cc   -DCHECK_FUNCTION_EXISTS=pthread_create   -o CMakeFiles/cmTC_aacec.dir/CheckFunctionExists.c.o   -c /usr/share/cmake-3.10/Modules/CheckFunctionExists.c
Linking C executable cmTC_aacec
/usr/bin/cmake -E cmake_link_script CMakeFiles/cmTC_aacec.dir/link.txt --verbose=1
/usr/lib/ccache/cc  -DCHECK_FUNCTION_EXISTS=pthread_create    -rdynamic CMakeFiles/cmTC_aacec.dir/CheckFunctionExists.c.o  -o cmTC_aacec -lpthreads 
/usr/bin/ld: cannot find -lpthreads
collect2: error: ld returned 1 exit status
CMakeFiles/cmTC_aacec.dir/build.make:97: recipe for target 'cmTC_aacec' failed
make[1]: *** [cmTC_aacec] Error 1
make[1]: Leaving directory '/home/pcampolucci/autonomy/build/fake_camera/CMakeFiles/CMakeTmp'
Makefile:126: recipe for target 'cmTC_aacec/fast' failed
make: *** [cmTC_aacec/fast] Error 2


