Determining if the pthread_create exist failed with the following output:
Change Dir: /home/pcampolucci/Desktop/autonomy/build/darknet_ros/CMakeFiles/CMakeTmp

Run Build Command:"/usr/bin/make" "cmTC_51266/fast"
/usr/bin/make -f CMakeFiles/cmTC_51266.dir/build.make CMakeFiles/cmTC_51266.dir/build
make[1]: Entering directory '/home/pcampolucci/Desktop/autonomy/build/darknet_ros/CMakeFiles/CMakeTmp'
Building C object CMakeFiles/cmTC_51266.dir/CheckSymbolExists.c.o
/usr/lib/ccache/cc   -fPIC    -o CMakeFiles/cmTC_51266.dir/CheckSymbolExists.c.o   -c /home/pcampolucci/Desktop/autonomy/build/darknet_ros/CMakeFiles/CMakeTmp/CheckSymbolExists.c
Linking C executable cmTC_51266
/usr/bin/cmake -E cmake_link_script CMakeFiles/cmTC_51266.dir/link.txt --verbose=1
/usr/lib/ccache/cc -fPIC     -rdynamic CMakeFiles/cmTC_51266.dir/CheckSymbolExists.c.o  -o cmTC_51266 
CMakeFiles/cmTC_51266.dir/CheckSymbolExists.c.o: In function `main':
CheckSymbolExists.c:(.text+0x1b): undefined reference to `pthread_create'
collect2: error: ld returned 1 exit status
CMakeFiles/cmTC_51266.dir/build.make:97: recipe for target 'cmTC_51266' failed
make[1]: *** [cmTC_51266] Error 1
make[1]: Leaving directory '/home/pcampolucci/Desktop/autonomy/build/darknet_ros/CMakeFiles/CMakeTmp'
Makefile:126: recipe for target 'cmTC_51266/fast' failed
make: *** [cmTC_51266/fast] Error 2

File /home/pcampolucci/Desktop/autonomy/build/darknet_ros/CMakeFiles/CMakeTmp/CheckSymbolExists.c:
/* */
#include <pthread.h>

int main(int argc, char** argv)
{
  (void)argv;
#ifndef pthread_create
  return ((int*)(&pthread_create))[argc];
#else
  (void)argc;
  return 0;
#endif
}

Determining if the function pthread_create exists in the pthreads failed with the following output:
Change Dir: /home/pcampolucci/Desktop/autonomy/build/darknet_ros/CMakeFiles/CMakeTmp

Run Build Command:"/usr/bin/make" "cmTC_c360a/fast"
/usr/bin/make -f CMakeFiles/cmTC_c360a.dir/build.make CMakeFiles/cmTC_c360a.dir/build
make[1]: Entering directory '/home/pcampolucci/Desktop/autonomy/build/darknet_ros/CMakeFiles/CMakeTmp'
Building C object CMakeFiles/cmTC_c360a.dir/CheckFunctionExists.c.o
/usr/lib/ccache/cc   -fPIC -DCHECK_FUNCTION_EXISTS=pthread_create   -o CMakeFiles/cmTC_c360a.dir/CheckFunctionExists.c.o   -c /usr/share/cmake-3.10/Modules/CheckFunctionExists.c
Linking C executable cmTC_c360a
/usr/bin/cmake -E cmake_link_script CMakeFiles/cmTC_c360a.dir/link.txt --verbose=1
/usr/lib/ccache/cc -fPIC -DCHECK_FUNCTION_EXISTS=pthread_create    -rdynamic CMakeFiles/cmTC_c360a.dir/CheckFunctionExists.c.o  -o cmTC_c360a -lpthreads 
/usr/bin/ld: cannot find -lpthreads
collect2: error: ld returned 1 exit status
CMakeFiles/cmTC_c360a.dir/build.make:97: recipe for target 'cmTC_c360a' failed
make[1]: *** [cmTC_c360a] Error 1
make[1]: Leaving directory '/home/pcampolucci/Desktop/autonomy/build/darknet_ros/CMakeFiles/CMakeTmp'
Makefile:126: recipe for target 'cmTC_c360a/fast' failed
make: *** [cmTC_c360a/fast] Error 2


